<?xml version="1.0" encoding="UTF-8"?>
<robot generator="Robot 7.2.2 (Python 3.13.1 on win32)" generated="2025-04-21T17:40:56.412341" rpa="false" schemaversion="5">
<suite id="s1" name="Login Test" source="C:\Users\omistaja\MindMend\tests\logintest\login_test.robot">
<kw name="Setup Browser" type="SETUP">
<kw name="New Browser" owner="Browser">
<msg time="2025-04-21T17:40:56.608979" level="INFO">{"browser": "chromium", "headless": false, "chromiumSandbox": false, "devtools": false, "handleSIGHUP": true, "handleSIGINT": true, "handleSIGTERM": true, "slowMo": 0.0, "timeout": 30000.0, "tracesDir": "C:\\Users\\omistaja\\MindMend\\tests\\logintest\\browser\\traces\\temp\\22502cea-3b82-43fd-b2b4-95f4f92d810d"}</msg>
<msg time="2025-04-21T17:40:56.635141" level="INFO">Starting Browser process C:\Users\omistaja\MindMend\tests\.venv\Lib\site-packages\Browser\wrapper\index.js using port 60307</msg>
<msg time="2025-04-21T17:40:56.635299" level="INFO">Node startup parameters: ['node', 'C:\\Users\\omistaja\\MindMend\\tests\\.venv\\Lib\\site-packages\\Browser\\wrapper\\index.js', '60307']</msg>
<msg time="2025-04-21T17:40:57.978054" level="INFO">Successfully created browser with options: {"browser":"chromium","headless":false,"chromiumSandbox":false,"devtools":false,"handleSIGHUP":true,"handleSIGINT":true,"handleSIGTERM":true,"slowMo":0,"timeout":30000,"tracesDir":"C:\\Users\\omistaja\\MindMend\\tests\\logintest\\browser\\traces\\temp\\22502cea-3b82-43fd-b2b4-95f4f92d810d"}</msg>
<arg>chromium</arg>
<arg>headless=False</arg>
<tag>BrowserControl</tag>
<tag>Setter</tag>
<doc>Create a new playwright Browser with specified options.</doc>
<status status="PASS" start="2025-04-21T17:40:56.608222" elapsed="1.370185"/>
</kw>
<kw name="New Context" owner="Browser">
<msg time="2025-04-21T17:40:57.982679" level="INFO">{
  "acceptDownloads": true,
  "bypassCSP": false,
  "forcedColors": "none",
  "ignoreHTTPSErrors": false,
  "javaScriptEnabled": true,
  "offline": false,
  "reducedMotion": "no-preference",
  "serviceWorkers": "allow",
  "viewport": {
    "width": 1280,
    "height": 720
  }
}</msg>
<msg time="2025-04-21T17:40:58.025618" level="INFO">Successfully created context. </msg>
<msg time="2025-04-21T17:40:58.025757" level="INFO">{'acceptDownloads': True, 'bypassCSP': False, 'forcedColors': 'none', 'ignoreHTTPSErrors': False, 'javaScriptEnabled': True, 'offline': False, 'reducedMotion': 'no-preference', 'serviceWorkers': 'allow', 'viewport': {'width': 1280, 'height': 720}}</msg>
<arg>viewport={'width': 1280, 'height': 720}</arg>
<tag>BrowserControl</tag>
<tag>Setter</tag>
<doc>Create a new BrowserContext with specified options.</doc>
<status status="PASS" start="2025-04-21T17:40:57.978872" elapsed="0.047189"/>
</kw>
<kw name="New Page" owner="Browser">
<msg time="2025-04-21T17:40:58.298562" level="INFO">Successfully initialized new page object and opened url: about:blank</msg>
<tag>BrowserControl</tag>
<tag>Setter</tag>
<doc>Open a new Page.</doc>
<status status="PASS" start="2025-04-21T17:40:58.026394" elapsed="0.272776"/>
</kw>
<status status="PASS" start="2025-04-21T17:40:56.607558" elapsed="1.692005"/>
</kw>
<test id="s1-t1" name="User Can Access Login Page" line="17">
<kw name="Go To Login Page">
<kw name="Go To" owner="Browser">
<msg time="2025-04-21T17:41:00.222743" level="INFO">Successfully opened URL http://localhost:5173/src/pages/login.html</msg>
<arg>${LOGIN_URL}</arg>
<tag>BrowserControl</tag>
<tag>Setter</tag>
<doc>Navigates to the given ``url``.</doc>
<status status="PASS" start="2025-04-21T17:40:58.341165" elapsed="1.881907"/>
</kw>
<kw name="Wait For Elements State" owner="Browser">
<msg time="2025-04-21T17:41:00.254806" level="INFO">Waited for Element with selector h2:text("Log In") at state visible</msg>
<arg>h2:text("Log In")</arg>
<arg>visible</arg>
<arg>timeout=5s</arg>
<tag>PageContent</tag>
<tag>Wait</tag>
<doc>Waits for the element found by ``selector`` to satisfy state option.</doc>
<status status="PASS" start="2025-04-21T17:41:00.223438" elapsed="0.031512"/>
</kw>
<status status="PASS" start="2025-04-21T17:40:58.338556" elapsed="1.916514"/>
</kw>
<kw name="Page Should Contain Login Form">
<kw name="Wait For Elements State" owner="Browser">
<msg time="2025-04-21T17:41:00.265920" level="INFO">Waited for Element with selector input[name="email"] at state visible</msg>
<arg>input[name="email"]</arg>
<arg>visible</arg>
<tag>PageContent</tag>
<tag>Wait</tag>
<doc>Waits for the element found by ``selector`` to satisfy state option.</doc>
<status status="PASS" start="2025-04-21T17:41:00.255822" elapsed="0.010368"/>
</kw>
<kw name="Wait For Elements State" owner="Browser">
<msg time="2025-04-21T17:41:00.279227" level="INFO">Waited for Element with selector input[name="password"] at state visible</msg>
<arg>input[name="password"]</arg>
<arg>visible</arg>
<tag>PageContent</tag>
<tag>Wait</tag>
<doc>Waits for the element found by ``selector`` to satisfy state option.</doc>
<status status="PASS" start="2025-04-21T17:41:00.266493" elapsed="0.013053"/>
</kw>
<kw name="Wait For Elements State" owner="Browser">
<msg time="2025-04-21T17:41:00.296011" level="INFO">Waited for Element with selector button[type="submit"] at state visible</msg>
<arg>button[type="submit"]</arg>
<arg>visible</arg>
<tag>PageContent</tag>
<tag>Wait</tag>
<doc>Waits for the element found by ``selector`` to satisfy state option.</doc>
<status status="PASS" start="2025-04-21T17:41:00.279925" elapsed="0.016290"/>
</kw>
<status status="PASS" start="2025-04-21T17:41:00.255407" elapsed="0.040926"/>
</kw>
<msg time="2025-04-21T17:41:00.301986" level="INFO">Set timeout to: 10000</msg>
<status status="PASS" start="2025-04-21T17:40:58.299798" elapsed="1.997166"/>
</test>
<test id="s1-t2" name="User Can Submit Login Form" line="21">
<kw name="Go To Login Page">
<kw name="Go To" owner="Browser">
<msg time="2025-04-21T17:41:00.425458" level="INFO">Successfully opened URL http://localhost:5173/src/pages/login.html</msg>
<arg>${LOGIN_URL}</arg>
<tag>BrowserControl</tag>
<tag>Setter</tag>
<doc>Navigates to the given ``url``.</doc>
<status status="PASS" start="2025-04-21T17:41:00.319914" elapsed="0.105966"/>
</kw>
<kw name="Wait For Elements State" owner="Browser">
<msg time="2025-04-21T17:41:00.445232" level="INFO">Waited for Element with selector h2:text("Log In") at state visible</msg>
<arg>h2:text("Log In")</arg>
<arg>visible</arg>
<arg>timeout=5s</arg>
<tag>PageContent</tag>
<tag>Wait</tag>
<doc>Waits for the element found by ``selector`` to satisfy state option.</doc>
<status status="PASS" start="2025-04-21T17:41:00.426281" elapsed="0.019100"/>
</kw>
<status status="PASS" start="2025-04-21T17:41:00.318892" elapsed="0.126598"/>
</kw>
<kw name="Fill Login Form">
<kw name="Fill Text" owner="Browser">
<msg time="2025-04-21T17:41:00.447024" level="INFO">Fills the text 'tom@tom.com' in the given field.</msg>
<arg>input[name="email"]</arg>
<arg>${email}</arg>
<tag>PageContent</tag>
<tag>Setter</tag>
<doc>Clears and fills the given ``txt`` into the text field found by ``selector``.</doc>
<status status="PASS" start="2025-04-21T17:41:00.446376" elapsed="0.015785"/>
</kw>
<kw name="Fill Text" owner="Browser">
<msg time="2025-04-21T17:41:00.462945" level="INFO">Fills the text 'asd' in the given field.</msg>
<arg>input[name="password"]</arg>
<arg>${password}</arg>
<tag>PageContent</tag>
<tag>Setter</tag>
<doc>Clears and fills the given ``txt`` into the text field found by ``selector``.</doc>
<status status="PASS" start="2025-04-21T17:41:00.462350" elapsed="0.019855"/>
</kw>
<arg>${EMAIL}</arg>
<arg>${PASSWORD}</arg>
<status status="PASS" start="2025-04-21T17:41:00.445907" elapsed="0.036462"/>
</kw>
<kw name="Submit Login Form">
<kw name="Click" owner="Browser">
<msg time="2025-04-21T17:41:00.484574" level="INFO">Clicks the element 'button[type="submit"]'.</msg>
<arg>button[type="submit"]</arg>
<tag>PageContent</tag>
<tag>Setter</tag>
<doc>Simulates mouse click on the element found by ``selector``.</doc>
<status status="PASS" start="2025-04-21T17:41:00.483655" elapsed="0.048428"/>
</kw>
<status status="PASS" start="2025-04-21T17:41:00.482859" elapsed="0.049575"/>
</kw>
<kw name="Sleep" owner="BuiltIn">
<msg time="2025-04-21T17:41:02.534482" level="INFO">Slept 2 seconds.</msg>
<arg>2s</arg>
<doc>Pauses the test executed for the given time.</doc>
<status status="PASS" start="2025-04-21T17:41:00.532903" elapsed="2.001678"/>
</kw>
<kw name="Get Url" owner="Browser">
<msg time="2025-04-21T17:41:02.537525" level="INFO">${url} = http://localhost:5173/src/pages/login.html?email=tom%40tom.com&amp;password=asd</msg>
<var>${url}</var>
<tag>Assertion</tag>
<tag>Getter</tag>
<tag>PageContent</tag>
<doc>Returns the current URL.</doc>
<status status="PASS" start="2025-04-21T17:41:02.534944" elapsed="0.002627"/>
</kw>
<kw name="Log" owner="BuiltIn">
<msg time="2025-04-21T17:41:02.538187" level="INFO">Current URL after login: http://localhost:5173/src/pages/login.html?email=tom%40tom.com&amp;password=asd</msg>
<arg>Current URL after login: ${url}</arg>
<doc>Logs the given message with the given level.</doc>
<status status="PASS" start="2025-04-21T17:41:02.537919" elapsed="0.000323"/>
</kw>
<msg time="2025-04-21T17:41:02.540619" level="INFO">Set timeout to: 10000</msg>
<status status="PASS" start="2025-04-21T17:41:00.309840" elapsed="2.228670"/>
</test>
<kw name="Close Browser" owner="Browser" type="TEARDOWN">
<msg time="2025-04-21T17:41:02.948048" level="INFO">Closed browser</msg>
<tag>BrowserControl</tag>
<tag>Setter</tag>
<doc>Closes the current browser.</doc>
<status status="PASS" start="2025-04-21T17:41:02.546613" elapsed="0.401697"/>
</kw>
<doc>Login test for MindMend application</doc>
<status status="PASS" start="2025-04-21T17:40:56.413666" elapsed="6.534764"/>
</suite>
<statistics>
<total>
<stat pass="2" fail="0" skip="0">All Tests</stat>
</total>
<tag>
</tag>
<suite>
<stat name="Login Test" id="s1" pass="2" fail="0" skip="0">Login Test</stat>
</suite>
</statistics>
<errors>
</errors>
</robot>
